TN:
SF:src/app/app.component.ts
FNF:0
FNH:0
DA:12,1
LF:1
LH:1
BRF:0
BRH:0
end_of_record
TN:
SF:src/app/core/components/navbar/navbar.component.ts
FNF:0
FNH:0
DA:14,1
LF:1
LH:1
BRF:0
BRH:0
end_of_record
TN:
SF:src/app/core/config/time-format.config.ts
FNF:0
FNH:0
DA:2,1
DA:9,1
LF:2
LH:2
BRF:0
BRH:0
end_of_record
TN:
SF:src/app/shared/pipes/default-date/default-date.pipe.ts
FN:19,(anonymous_0)
FN:29,(anonymous_1)
FNF:2
FNH:2
FNDA:1,(anonymous_0)
FNDA:6,(anonymous_1)
DA:15,1
DA:17,1
DA:19,1
DA:20,1
DA:35,6
DA:36,6
DA:38,6
DA:39,6
DA:41,1
DA:42,1
LF:10
LH:10
BRDA:31,0,0,2
BRDA:32,1,0,4
BRDA:36,2,0,4
BRDA:36,2,1,2
BRDA:39,3,0,6
BRDA:39,3,1,0
BRF:6
BRH:5
end_of_record
TN:
SF:src/app/shared/pipes/empty-string/empty-string.pipe.ts
FN:18,(anonymous_0)
FNF:1
FNH:1
FNDA:5,(anonymous_0)
DA:13,1
DA:19,5
DA:21,3
DA:23,2
DA:25,0
LF:5
LH:4
BRDA:18,0,0,5
BRDA:20,1,0,3
BRDA:20,1,1,2
BRDA:20,1,2,0
BRDA:21,2,0,3
BRDA:21,2,1,0
BRDA:21,3,0,3
BRDA:21,3,1,3
BRDA:23,4,0,2
BRDA:23,4,1,0
BRDA:23,5,0,2
BRDA:23,5,1,2
BRF:12
BRH:9
end_of_record
TN:
SF:src/app/shared/pipes/empty-string/str/empty-string.str.ts
FNF:0
FNH:0
DA:1,1
LF:1
LH:1
BRF:0
BRH:0
end_of_record
TN:
SF:src/app/shared/services/util/object-utils.service.ts
FN:7,(anonymous_0)
FNF:1
FNH:1
FNDA:1,(anonymous_0)
DA:8,1
LF:1
LH:1
BRDA:8,0,0,1
BRDA:8,0,1,0
BRF:2
BRH:1
end_of_record
TN:
SF:src/app/views/analysis-view/analysis-view.component.ts
FNF:0
FNH:0
DA:10,1
LF:1
LH:1
BRF:0
BRH:0
end_of_record
TN:
SF:src/app/views/analysis-view/components/analysis-chart-over-time/analysis-chart.component.ts
FNF:0
FNH:0
DA:10,1
LF:1
LH:1
BRF:0
BRH:0
end_of_record
TN:
SF:src/app/views/analysis-view/components/analysis-chart-per-subject/analysis-chart-per-subject.component.ts
FNF:0
FNH:0
DA:10,1
LF:1
LH:1
BRF:0
BRH:0
end_of_record
TN:
SF:src/app/views/analysis-view/components/analysis-chart-student-average/analysis-chart-student-average.component.ts
FNF:0
FNH:0
DA:10,1
LF:1
LH:1
BRF:0
BRH:0
end_of_record
TN:
SF:src/app/views/analysis-view/components/analysis-form-header/analysis-form-header.component.ts
FNF:0
FNH:0
DA:10,1
LF:1
LH:1
BRF:0
BRH:0
end_of_record
TN:
SF:src/app/views/data-view/components/data-header/data-header.component.ts
FN:19,(anonymous_0)
FN:23,(anonymous_1)
FNF:2
FNH:1
FNDA:1,(anonymous_0)
FNDA:0,(anonymous_1)
DA:19,1
DA:20,1
DA:21,1
DA:24,0
LF:4
LH:3
BRF:0
BRH:0
end_of_record
