TN:
SF:src/app/app.component.ts
FN:46,(anonymous_0)
FN:51,(anonymous_1)
FN:58,(anonymous_2)
FNF:3
FNH:1
FNDA:1,(anonymous_0)
FNDA:0,(anonymous_1)
FNDA:0,(anonymous_2)
DA:16,1
DA:46,1
DA:47,1
DA:49,1
DA:52,0
DA:53,0
DA:59,0
LF:7
LH:4
BRF:0
BRH:0
end_of_record
TN:
SF:src/app/views/analysis-view/analysis-view.component.ts
FNF:0
FNH:0
DA:10,1
LF:1
LH:1
BRF:0
BRH:0
end_of_record
TN:
SF:src/app/views/data-view/data-view.component.ts
FNF:0
FNH:0
DA:10,1
LF:1
LH:1
BRF:0
BRH:0
end_of_record
TN:
SF:src/app/views/monitor-view/monitor-view.component.ts
FNF:0
FNH:0
DA:10,1
LF:1
LH:1
BRF:0
BRH:0
end_of_record
